  [1m[35m (745.7ms)[0m  [1m[35mCREATE DATABASE "todo_list_rails_development" ENCODING = 'unicode'[0m
  ↳ bin/rails:4
  [1m[35m (276.8ms)[0m  [1m[35mCREATE DATABASE "todo_list_rails_test" ENCODING = 'unicode'[0m
  ↳ bin/rails:4
  [1m[35m (350.4ms)[0m  [1m[35mCREATE TABLE "schema_migrations" ("version" character varying NOT NULL PRIMARY KEY)[0m
  ↳ bin/rails:4
  [1m[35m (28.9ms)[0m  [1m[35mCREATE TABLE "ar_internal_metadata" ("key" character varying NOT NULL PRIMARY KEY, "value" character varying, "created_at" timestamp NOT NULL, "updated_at" timestamp NOT NULL)[0m
  ↳ bin/rails:4
  [1m[35m (22.2ms)[0m  [1m[34mSELECT pg_try_advisory_lock(8753162117893194960)[0m
  ↳ bin/rails:4
  [1m[35m (13.0ms)[0m  [1m[34mSELECT "schema_migrations"."version" FROM "schema_migrations" ORDER BY "schema_migrations"."version" ASC[0m
  ↳ bin/rails:4
Migrating to CreateTodos (20190423214741)
  [1m[35m (0.3ms)[0m  [1m[35mBEGIN[0m
  ↳ bin/rails:4
  [1m[35m (138.0ms)[0m  [1m[35mCREATE TABLE "todos" ("id" bigserial primary key, "title" character varying NOT NULL, "body" character varying NOT NULL, "done" boolean NOT NULL, "created_at" timestamp NOT NULL, "updated_at" timestamp NOT NULL)[0m
  ↳ db/migrate/20190423214741_create_todos.rb:3
  [1m[36mActiveRecord::SchemaMigration Create (48.6ms)[0m  [1m[32mINSERT INTO "schema_migrations" ("version") VALUES ($1) RETURNING "version"[0m  [["version", "20190423214741"]]
  ↳ bin/rails:4
  [1m[35m (0.9ms)[0m  [1m[35mCOMMIT[0m
  ↳ bin/rails:4
  [1m[36mActiveRecord::InternalMetadata Load (28.9ms)[0m  [1m[34mSELECT  "ar_internal_metadata".* FROM "ar_internal_metadata" WHERE "ar_internal_metadata"."key" = $1 LIMIT $2[0m  [["key", "environment"], ["LIMIT", 1]]
  ↳ bin/rails:4
  [1m[35m (0.2ms)[0m  [1m[35mBEGIN[0m
  ↳ bin/rails:4
  [1m[36mActiveRecord::InternalMetadata Create (15.7ms)[0m  [1m[32mINSERT INTO "ar_internal_metadata" ("key", "value", "created_at", "updated_at") VALUES ($1, $2, $3, $4) RETURNING "key"[0m  [["key", "environment"], ["value", "development"], ["created_at", "2019-04-23 21:49:53.647681"], ["updated_at", "2019-04-23 21:49:53.647681"]]
  ↳ bin/rails:4
  [1m[35m (0.5ms)[0m  [1m[35mCOMMIT[0m
  ↳ bin/rails:4
  [1m[35m (0.3ms)[0m  [1m[34mSELECT pg_advisory_unlock(8753162117893194960)[0m
  ↳ bin/rails:4
  [1m[35m (0.7ms)[0m  [1m[34mSELECT "schema_migrations"."version" FROM "schema_migrations" ORDER BY "schema_migrations"."version" ASC[0m
  ↳ bin/rails:4
  [1m[35m (0.4ms)[0m  [1m[35mBEGIN[0m
  [1m[36mTodo Create (27.7ms)[0m  [1m[32mINSERT INTO "todos" ("title", "body", "done", "created_at", "updated_at") VALUES ($1, $2, $3, $4, $5) RETURNING "id"[0m  [["title", "test"], ["body", "NOT a test"], ["done", false], ["created_at", "2019-04-23 21:54:42.682504"], ["updated_at", "2019-04-23 21:54:42.682504"]]
  [1m[35m (37.4ms)[0m  [1m[35mCOMMIT[0m
  [1m[35m (1.0ms)[0m  [1m[34mSELECT "schema_migrations"."version" FROM "schema_migrations" ORDER BY "schema_migrations"."version" ASC[0m
  ↳ bin/rails:4
  [1m[35m (0.9ms)[0m  [1m[34mSELECT "schema_migrations"."version" FROM "schema_migrations" ORDER BY "schema_migrations"."version" ASC[0m
  ↳ bin/rails:4
  [1m[35m (0.2ms)[0m  [1m[35mBEGIN[0m
  ↳ db/seeds.rb:10
  [1m[36mTodo Create (0.9ms)[0m  [1m[32mINSERT INTO "todos" ("title", "body", "done", "created_at", "updated_at") VALUES ($1, $2, $3, $4, $5) RETURNING "id"[0m  [["title", "contend"], ["body", "Occaecati nulla architecto est."], ["done", false], ["created_at", "2019-04-23 22:19:17.402648"], ["updated_at", "2019-04-23 22:19:17.402648"]]
  ↳ db/seeds.rb:10
  [1m[35m (31.5ms)[0m  [1m[35mCOMMIT[0m
  ↳ db/seeds.rb:10
  [1m[35m (0.2ms)[0m  [1m[35mBEGIN[0m
  ↳ db/seeds.rb:10
  [1m[36mTodo Create (0.4ms)[0m  [1m[32mINSERT INTO "todos" ("title", "body", "done", "created_at", "updated_at") VALUES ($1, $2, $3, $4, $5) RETURNING "id"[0m  [["title", "collapse"], ["body", "Nam laborum repudiandae illum."], ["done", true], ["created_at", "2019-04-23 22:19:17.457359"], ["updated_at", "2019-04-23 22:19:17.457359"]]
  ↳ db/seeds.rb:10
  [1m[35m (0.6ms)[0m  [1m[35mCOMMIT[0m
  ↳ db/seeds.rb:10
  [1m[35m (0.2ms)[0m  [1m[35mBEGIN[0m
  ↳ db/seeds.rb:10
  [1m[36mTodo Create (0.5ms)[0m  [1m[32mINSERT INTO "todos" ("title", "body", "done", "created_at", "updated_at") VALUES ($1, $2, $3, $4, $5) RETURNING "id"[0m  [["title", "call"], ["body", "Ipsam qui tenetur vel."], ["done", false], ["created_at", "2019-04-23 22:19:17.460306"], ["updated_at", "2019-04-23 22:19:17.460306"]]
  ↳ db/seeds.rb:10
  [1m[35m (0.6ms)[0m  [1m[35mCOMMIT[0m
  ↳ db/seeds.rb:10
  [1m[35m (0.2ms)[0m  [1m[35mBEGIN[0m
  ↳ db/seeds.rb:10
  [1m[36mTodo Create (0.4ms)[0m  [1m[32mINSERT INTO "todos" ("title", "body", "done", "created_at", "updated_at") VALUES ($1, $2, $3, $4, $5) RETURNING "id"[0m  [["title", "colour"], ["body", "Dolorem eos ut sed."], ["done", true], ["created_at", "2019-04-23 22:19:17.463141"], ["updated_at", "2019-04-23 22:19:17.463141"]]
  ↳ db/seeds.rb:10
  [1m[35m (0.5ms)[0m  [1m[35mCOMMIT[0m
  ↳ db/seeds.rb:10
  [1m[35m (0.2ms)[0m  [1m[35mBEGIN[0m
  ↳ db/seeds.rb:10
  [1m[36mTodo Create (0.4ms)[0m  [1m[32mINSERT INTO "todos" ("title", "body", "done", "created_at", "updated_at") VALUES ($1, $2, $3, $4, $5) RETURNING "id"[0m  [["title", "admire"], ["body", "Reiciendis qui molestiae vitae."], ["done", false], ["created_at", "2019-04-23 22:19:17.465689"], ["updated_at", "2019-04-23 22:19:17.465689"]]
  ↳ db/seeds.rb:10
  [1m[35m (0.6ms)[0m  [1m[35mCOMMIT[0m
  ↳ db/seeds.rb:10
  [1m[35m (0.2ms)[0m  [1m[35mBEGIN[0m
  ↳ db/seeds.rb:10
  [1m[36mTodo Create (0.4ms)[0m  [1m[32mINSERT INTO "todos" ("title", "body", "done", "created_at", "updated_at") VALUES ($1, $2, $3, $4, $5) RETURNING "id"[0m  [["title", "dedicate"], ["body", "Exercitationem consequatur sunt quidem."], ["done", true], ["created_at", "2019-04-23 22:19:17.468673"], ["updated_at", "2019-04-23 22:19:17.468673"]]
  ↳ db/seeds.rb:10
  [1m[35m (0.6ms)[0m  [1m[35mCOMMIT[0m
  ↳ db/seeds.rb:10
  [1m[35m (0.2ms)[0m  [1m[35mBEGIN[0m
  ↳ db/seeds.rb:10
  [1m[36mTodo Create (0.4ms)[0m  [1m[32mINSERT INTO "todos" ("title", "body", "done", "created_at", "updated_at") VALUES ($1, $2, $3, $4, $5) RETURNING "id"[0m  [["title", "swot"], ["body", "Voluptas at consequatur provident."], ["done", true], ["created_at", "2019-04-23 22:19:17.471244"], ["updated_at", "2019-04-23 22:19:17.471244"]]
  ↳ db/seeds.rb:10
  [1m[35m (0.5ms)[0m  [1m[35mCOMMIT[0m
  ↳ db/seeds.rb:10
  [1m[35m (0.2ms)[0m  [1m[35mBEGIN[0m
  ↳ db/seeds.rb:10
  [1m[36mTodo Create (0.4ms)[0m  [1m[32mINSERT INTO "todos" ("title", "body", "done", "created_at", "updated_at") VALUES ($1, $2, $3, $4, $5) RETURNING "id"[0m  [["title", "knock"], ["body", "Sunt nobis veniam est."], ["done", true], ["created_at", "2019-04-23 22:19:17.473888"], ["updated_at", "2019-04-23 22:19:17.473888"]]
  ↳ db/seeds.rb:10
  [1m[35m (0.5ms)[0m  [1m[35mCOMMIT[0m
  ↳ db/seeds.rb:10
  [1m[35m (0.2ms)[0m  [1m[35mBEGIN[0m
  ↳ db/seeds.rb:10
  [1m[36mTodo Create (0.4ms)[0m  [1m[32mINSERT INTO "todos" ("title", "body", "done", "created_at", "updated_at") VALUES ($1, $2, $3, $4, $5) RETURNING "id"[0m  [["title", "review"], ["body", "Maiores nostrum et blanditiis."], ["done", false], ["created_at", "2019-04-23 22:19:17.476386"], ["updated_at", "2019-04-23 22:19:17.476386"]]
  ↳ db/seeds.rb:10
  [1m[35m (0.5ms)[0m  [1m[35mCOMMIT[0m
  ↳ db/seeds.rb:10
  [1m[35m (0.2ms)[0m  [1m[35mBEGIN[0m
  ↳ db/seeds.rb:10
  [1m[36mTodo Create (0.5ms)[0m  [1m[32mINSERT INTO "todos" ("title", "body", "done", "created_at", "updated_at") VALUES ($1, $2, $3, $4, $5) RETURNING "id"[0m  [["title", "detect"], ["body", "Ut voluptas nobis quia."], ["done", true], ["created_at", "2019-04-23 22:19:17.479373"], ["updated_at", "2019-04-23 22:19:17.479373"]]
  ↳ db/seeds.rb:10
  [1m[35m (0.4ms)[0m  [1m[35mCOMMIT[0m
  ↳ db/seeds.rb:10
  [1m[35m (0.2ms)[0m  [1m[35mBEGIN[0m
  ↳ db/seeds.rb:10
  [1m[36mTodo Create (0.4ms)[0m  [1m[32mINSERT INTO "todos" ("title", "body", "done", "created_at", "updated_at") VALUES ($1, $2, $3, $4, $5) RETURNING "id"[0m  [["title", "typeset"], ["body", "Dolorum ut voluptas ut."], ["done", true], ["created_at", "2019-04-23 22:19:17.482239"], ["updated_at", "2019-04-23 22:19:17.482239"]]
  ↳ db/seeds.rb:10
  [1m[35m (0.5ms)[0m  [1m[35mCOMMIT[0m
  ↳ db/seeds.rb:10
  [1m[35m (0.2ms)[0m  [1m[35mBEGIN[0m
  ↳ db/seeds.rb:10
  [1m[36mTodo Create (0.4ms)[0m  [1m[32mINSERT INTO "todos" ("title", "body", "done", "created_at", "updated_at") VALUES ($1, $2, $3, $4, $5) RETURNING "id"[0m  [["title", "progress"], ["body", "Laborum ad itaque rerum."], ["done", true], ["created_at", "2019-04-23 22:19:17.484737"], ["updated_at", "2019-04-23 22:19:17.484737"]]
  ↳ db/seeds.rb:10
  [1m[35m (0.5ms)[0m  [1m[35mCOMMIT[0m
  ↳ db/seeds.rb:10
  [1m[35m (0.2ms)[0m  [1m[35mBEGIN[0m
  ↳ db/seeds.rb:10
  [1m[36mTodo Create (0.4ms)[0m  [1m[32mINSERT INTO "todos" ("title", "body", "done", "created_at", "updated_at") VALUES ($1, $2, $3, $4, $5) RETURNING "id"[0m  [["title", "approach"], ["body", "Quas enim ut similique."], ["done", false], ["created_at", "2019-04-23 22:19:17.487254"], ["updated_at", "2019-04-23 22:19:17.487254"]]
  ↳ db/seeds.rb:10
  [1m[35m (0.5ms)[0m  [1m[35mCOMMIT[0m
  ↳ db/seeds.rb:10
  [1m[35m (0.2ms)[0m  [1m[35mBEGIN[0m
  ↳ db/seeds.rb:10
  [1m[36mTodo Create (0.4ms)[0m  [1m[32mINSERT INTO "todos" ("title", "body", "done", "created_at", "updated_at") VALUES ($1, $2, $3, $4, $5) RETURNING "id"[0m  [["title", "salute"], ["body", "Animi cupiditate voluptas ullam."], ["done", true], ["created_at", "2019-04-23 22:19:17.489629"], ["updated_at", "2019-04-23 22:19:17.489629"]]
  ↳ db/seeds.rb:10
  [1m[35m (0.9ms)[0m  [1m[35mCOMMIT[0m
  ↳ db/seeds.rb:10
  [1m[35m (0.2ms)[0m  [1m[35mBEGIN[0m
  ↳ db/seeds.rb:10
  [1m[36mTodo Create (0.4ms)[0m  [1m[32mINSERT INTO "todos" ("title", "body", "done", "created_at", "updated_at") VALUES ($1, $2, $3, $4, $5) RETURNING "id"[0m  [["title", "fly"], ["body", "Quae omnis enim fuga."], ["done", false], ["created_at", "2019-04-23 22:19:17.492493"], ["updated_at", "2019-04-23 22:19:17.492493"]]
  ↳ db/seeds.rb:10
  [1m[35m (0.5ms)[0m  [1m[35mCOMMIT[0m
  ↳ db/seeds.rb:10
  [1m[35m (0.2ms)[0m  [1m[35mBEGIN[0m
  ↳ db/seeds.rb:10
  [1m[36mTodo Create (0.4ms)[0m  [1m[32mINSERT INTO "todos" ("title", "body", "done", "created_at", "updated_at") VALUES ($1, $2, $3, $4, $5) RETURNING "id"[0m  [["title", "dedicate"], ["body", "Ea eum ut sunt."], ["done", false], ["created_at", "2019-04-23 22:19:17.494899"], ["updated_at", "2019-04-23 22:19:17.494899"]]
  ↳ db/seeds.rb:10
  [1m[35m (0.5ms)[0m  [1m[35mCOMMIT[0m
  ↳ db/seeds.rb:10
  [1m[35m (0.2ms)[0m  [1m[35mBEGIN[0m
  ↳ db/seeds.rb:10
  [1m[36mTodo Create (0.4ms)[0m  [1m[32mINSERT INTO "todos" ("title", "body", "done", "created_at", "updated_at") VALUES ($1, $2, $3, $4, $5) RETURNING "id"[0m  [["title", "idolize"], ["body", "Aut consequatur voluptates ex."], ["done", false], ["created_at", "2019-04-23 22:19:17.497245"], ["updated_at", "2019-04-23 22:19:17.497245"]]
  ↳ db/seeds.rb:10
  [1m[35m (0.5ms)[0m  [1m[35mCOMMIT[0m
  ↳ db/seeds.rb:10
  [1m[35m (0.2ms)[0m  [1m[35mBEGIN[0m
  ↳ db/seeds.rb:10
  [1m[36mTodo Create (0.4ms)[0m  [1m[32mINSERT INTO "todos" ("title", "body", "done", "created_at", "updated_at") VALUES ($1, $2, $3, $4, $5) RETURNING "id"[0m  [["title", "moo"], ["body", "Delectus esse ut eos."], ["done", true], ["created_at", "2019-04-23 22:19:17.499561"], ["updated_at", "2019-04-23 22:19:17.499561"]]
  ↳ db/seeds.rb:10
  [1m[35m (0.5ms)[0m  [1m[35mCOMMIT[0m
  ↳ db/seeds.rb:10
  [1m[35m (0.2ms)[0m  [1m[35mBEGIN[0m
  ↳ db/seeds.rb:10
  [1m[36mTodo Create (0.5ms)[0m  [1m[32mINSERT INTO "todos" ("title", "body", "done", "created_at", "updated_at") VALUES ($1, $2, $3, $4, $5) RETURNING "id"[0m  [["title", "cry"], ["body", "Est qui eos voluptatum."], ["done", false], ["created_at", "2019-04-23 22:19:17.501906"], ["updated_at", "2019-04-23 22:19:17.501906"]]
  ↳ db/seeds.rb:10
  [1m[35m (0.5ms)[0m  [1m[35mCOMMIT[0m
  ↳ db/seeds.rb:10
  [1m[35m (0.2ms)[0m  [1m[35mBEGIN[0m
  ↳ db/seeds.rb:10
  [1m[36mTodo Create (0.4ms)[0m  [1m[32mINSERT INTO "todos" ("title", "body", "done", "created_at", "updated_at") VALUES ($1, $2, $3, $4, $5) RETURNING "id"[0m  [["title", "optimize"], ["body", "Voluptas sequi eligendi et."], ["done", false], ["created_at", "2019-04-23 22:19:17.504428"], ["updated_at", "2019-04-23 22:19:17.504428"]]
  ↳ db/seeds.rb:10
  [1m[35m (0.5ms)[0m  [1m[35mCOMMIT[0m
  ↳ db/seeds.rb:10
  [1m[35m (0.2ms)[0m  [1m[35mBEGIN[0m
  ↳ db/seeds.rb:10
  [1m[36mTodo Create (0.4ms)[0m  [1m[32mINSERT INTO "todos" ("title", "body", "done", "created_at", "updated_at") VALUES ($1, $2, $3, $4, $5) RETURNING "id"[0m  [["title", "tap"], ["body", "Architecto porro eaque voluptates."], ["done", true], ["created_at", "2019-04-23 22:19:17.506849"], ["updated_at", "2019-04-23 22:19:17.506849"]]
  ↳ db/seeds.rb:10
  [1m[35m (0.5ms)[0m  [1m[35mCOMMIT[0m
  ↳ db/seeds.rb:10
  [1m[35m (0.2ms)[0m  [1m[35mBEGIN[0m
  ↳ db/seeds.rb:10
  [1m[36mTodo Create (0.4ms)[0m  [1m[32mINSERT INTO "todos" ("title", "body", "done", "created_at", "updated_at") VALUES ($1, $2, $3, $4, $5) RETURNING "id"[0m  [["title", "carry"], ["body", "Sit autem tempore assumenda."], ["done", false], ["created_at", "2019-04-23 22:19:17.509251"], ["updated_at", "2019-04-23 22:19:17.509251"]]
  ↳ db/seeds.rb:10
  [1m[35m (0.5ms)[0m  [1m[35mCOMMIT[0m
  ↳ db/seeds.rb:10
  [1m[35m (0.2ms)[0m  [1m[35mBEGIN[0m
  ↳ db/seeds.rb:10
  [1m[36mTodo Create (0.4ms)[0m  [1m[32mINSERT INTO "todos" ("title", "body", "done", "created_at", "updated_at") VALUES ($1, $2, $3, $4, $5) RETURNING "id"[0m  [["title", "progress"], ["body", "Sequi vel omnis commodi."], ["done", false], ["created_at", "2019-04-23 22:19:17.511566"], ["updated_at", "2019-04-23 22:19:17.511566"]]
  ↳ db/seeds.rb:10
  [1m[35m (0.5ms)[0m  [1m[35mCOMMIT[0m
  ↳ db/seeds.rb:10
  [1m[35m (0.2ms)[0m  [1m[35mBEGIN[0m
  ↳ db/seeds.rb:10
  [1m[36mTodo Create (0.4ms)[0m  [1m[32mINSERT INTO "todos" ("title", "body", "done", "created_at", "updated_at") VALUES ($1, $2, $3, $4, $5) RETURNING "id"[0m  [["title", "assort"], ["body", "Rerum commodi ut possimus."], ["done", false], ["created_at", "2019-04-23 22:19:17.513923"], ["updated_at", "2019-04-23 22:19:17.513923"]]
  ↳ db/seeds.rb:10
  [1m[35m (0.4ms)[0m  [1m[35mCOMMIT[0m
  ↳ db/seeds.rb:10
  [1m[35m (0.2ms)[0m  [1m[35mBEGIN[0m
  ↳ db/seeds.rb:10
  [1m[36mTodo Create (0.4ms)[0m  [1m[32mINSERT INTO "todos" ("title", "body", "done", "created_at", "updated_at") VALUES ($1, $2, $3, $4, $5) RETURNING "id"[0m  [["title", "stop"], ["body", "Deserunt eum iusto odio."], ["done", true], ["created_at", "2019-04-23 22:19:17.516216"], ["updated_at", "2019-04-23 22:19:17.516216"]]
  ↳ db/seeds.rb:10
  [1m[35m (0.5ms)[0m  [1m[35mCOMMIT[0m
  ↳ db/seeds.rb:10
  [1m[36mTodo Load (14.2ms)[0m  [1m[34mSELECT "todos".* FROM "todos"[0m
  [1m[35m (0.9ms)[0m  [1m[34mSELECT "schema_migrations"."version" FROM "schema_migrations" ORDER BY "schema_migrations"."version" ASC[0m
  ↳ bin/rails:4
  [1m[35m (19.5ms)[0m  [1m[34mSELECT "ar_internal_metadata"."value" FROM "ar_internal_metadata" WHERE "ar_internal_metadata"."key" = $1[0m  [["key", "environment"]]
  ↳ bin/rails:4
  [1m[35m (0.4ms)[0m  [1m[34mSELECT "schema_migrations"."version" FROM "schema_migrations" ORDER BY "schema_migrations"."version" ASC[0m
  ↳ bin/rails:4
  [1m[35m (0.5ms)[0m  [1m[34mSELECT "ar_internal_metadata"."value" FROM "ar_internal_metadata" WHERE "ar_internal_metadata"."key" = $1[0m  [["key", "environment"]]
  ↳ bin/rails:4
  [1m[35m (0.3ms)[0m  [1m[34mSELECT "schema_migrations"."version" FROM "schema_migrations" ORDER BY "schema_migrations"."version" ASC[0m
  ↳ bin/rails:4
  [1m[35m (0.3ms)[0m  [1m[34mSELECT "ar_internal_metadata"."value" FROM "ar_internal_metadata" WHERE "ar_internal_metadata"."key" = $1[0m  [["key", "environment"]]
  ↳ bin/rails:4
  [1m[35m (256.2ms)[0m  [1m[35mDROP DATABASE IF EXISTS "todo_list_rails_development"[0m
  ↳ bin/rails:4
  [1m[35m (129.0ms)[0m  [1m[35mDROP DATABASE IF EXISTS "todo_list_rails_test"[0m
  ↳ bin/rails:4
  [1m[35m (440.8ms)[0m  [1m[35mCREATE DATABASE "todo_list_rails_development" ENCODING = 'unicode'[0m
  ↳ bin/rails:4
  [1m[35m (251.2ms)[0m  [1m[35mCREATE DATABASE "todo_list_rails_test" ENCODING = 'unicode'[0m
  ↳ bin/rails:4
  [1m[35mSQL (23.5ms)[0m  [1m[35mCREATE EXTENSION IF NOT EXISTS "plpgsql"[0m
  ↳ db/schema.rb:16
  [1m[35m (5.6ms)[0m  [1m[35mDROP TABLE IF EXISTS "todos" CASCADE[0m
  ↳ db/schema.rb:18
  [1m[35m (28.9ms)[0m  [1m[35mCREATE TABLE "todos" ("id" bigserial primary key, "title" character varying NOT NULL, "body" character varying NOT NULL, "done" boolean NOT NULL, "created_at" timestamp NOT NULL, "updated_at" timestamp NOT NULL)[0m
  ↳ db/schema.rb:18
  [1m[35m (4.0ms)[0m  [1m[35mCREATE TABLE "schema_migrations" ("version" character varying NOT NULL PRIMARY KEY)[0m
  ↳ db/schema.rb:13
  [1m[35m (0.9ms)[0m  [1m[34mSELECT "schema_migrations"."version" FROM "schema_migrations" ORDER BY "schema_migrations"."version" ASC[0m
  ↳ db/schema.rb:13
  [1m[35m (5.8ms)[0m  [1m[32mINSERT INTO "schema_migrations" (version) VALUES (20190423214741)[0m
  ↳ db/schema.rb:13
  [1m[35m (14.4ms)[0m  [1m[35mCREATE TABLE "ar_internal_metadata" ("key" character varying NOT NULL PRIMARY KEY, "value" character varying, "created_at" timestamp NOT NULL, "updated_at" timestamp NOT NULL)[0m
  ↳ db/schema.rb:13
  [1m[36mActiveRecord::InternalMetadata Load (11.7ms)[0m  [1m[34mSELECT  "ar_internal_metadata".* FROM "ar_internal_metadata" WHERE "ar_internal_metadata"."key" = $1 LIMIT $2[0m  [["key", "environment"], ["LIMIT", 1]]
  ↳ db/schema.rb:13
  [1m[35m (0.3ms)[0m  [1m[35mBEGIN[0m
  ↳ db/schema.rb:13
  [1m[36mActiveRecord::InternalMetadata Create (0.7ms)[0m  [1m[32mINSERT INTO "ar_internal_metadata" ("key", "value", "created_at", "updated_at") VALUES ($1, $2, $3, $4) RETURNING "key"[0m  [["key", "environment"], ["value", "development"], ["created_at", "2019-04-23 22:21:25.232752"], ["updated_at", "2019-04-23 22:21:25.232752"]]
  ↳ db/schema.rb:13
  [1m[35m (0.6ms)[0m  [1m[35mCOMMIT[0m
  ↳ db/schema.rb:13
  [1m[36mActiveRecord::InternalMetadata Load (0.4ms)[0m  [1m[34mSELECT  "ar_internal_metadata".* FROM "ar_internal_metadata" WHERE "ar_internal_metadata"."key" = $1 LIMIT $2[0m  [["key", "environment"], ["LIMIT", 1]]
  ↳ bin/rails:4
  [1m[35m (0.2ms)[0m  [1m[35mBEGIN[0m
  ↳ bin/rails:4
  [1m[35m (0.2ms)[0m  [1m[35mCOMMIT[0m
  ↳ bin/rails:4
  [1m[35mSQL (0.4ms)[0m  [1m[35mCREATE EXTENSION IF NOT EXISTS "plpgsql"[0m
  ↳ db/schema.rb:16
  [1m[35m (0.4ms)[0m  [1m[35mDROP TABLE IF EXISTS "todos" CASCADE[0m
  ↳ db/schema.rb:18
  [1m[35m (12.9ms)[0m  [1m[35mCREATE TABLE "todos" ("id" bigserial primary key, "title" character varying NOT NULL, "body" character varying NOT NULL, "done" boolean NOT NULL, "created_at" timestamp NOT NULL, "updated_at" timestamp NOT NULL)[0m
  ↳ db/schema.rb:18
  [1m[35m (124.4ms)[0m  [1m[35mCREATE TABLE "schema_migrations" ("version" character varying NOT NULL PRIMARY KEY)[0m
  ↳ db/schema.rb:13
  [1m[35m (0.8ms)[0m  [1m[34mSELECT "schema_migrations"."version" FROM "schema_migrations" ORDER BY "schema_migrations"."version" ASC[0m
  ↳ db/schema.rb:13
  [1m[35m (1.1ms)[0m  [1m[32mINSERT INTO "schema_migrations" (version) VALUES (20190423214741)[0m
  ↳ db/schema.rb:13
  [1m[35m (4.0ms)[0m  [1m[35mCREATE TABLE "ar_internal_metadata" ("key" character varying NOT NULL PRIMARY KEY, "value" character varying, "created_at" timestamp NOT NULL, "updated_at" timestamp NOT NULL)[0m
  ↳ db/schema.rb:13
  [1m[36mActiveRecord::InternalMetadata Load (0.6ms)[0m  [1m[34mSELECT  "ar_internal_metadata".* FROM "ar_internal_metadata" WHERE "ar_internal_metadata"."key" = $1 LIMIT $2[0m  [["key", "environment"], ["LIMIT", 1]]
  ↳ db/schema.rb:13
  [1m[35m (0.2ms)[0m  [1m[35mBEGIN[0m
  ↳ db/schema.rb:13
  [1m[36mActiveRecord::InternalMetadata Create (0.5ms)[0m  [1m[32mINSERT INTO "ar_internal_metadata" ("key", "value", "created_at", "updated_at") VALUES ($1, $2, $3, $4) RETURNING "key"[0m  [["key", "environment"], ["value", "development"], ["created_at", "2019-04-23 22:21:25.460731"], ["updated_at", "2019-04-23 22:21:25.460731"]]
  ↳ db/schema.rb:13
  [1m[35m (0.5ms)[0m  [1m[35mCOMMIT[0m
  ↳ db/schema.rb:13
  [1m[36mActiveRecord::InternalMetadata Load (0.3ms)[0m  [1m[34mSELECT  "ar_internal_metadata".* FROM "ar_internal_metadata" WHERE "ar_internal_metadata"."key" = $1 LIMIT $2[0m  [["key", "environment"], ["LIMIT", 1]]
  ↳ bin/rails:4
  [1m[35m (0.2ms)[0m  [1m[35mBEGIN[0m
  ↳ bin/rails:4
  [1m[36mActiveRecord::InternalMetadata Update (27.3ms)[0m  [1m[33mUPDATE "ar_internal_metadata" SET "value" = $1, "updated_at" = $2 WHERE "ar_internal_metadata"."key" = $3[0m  [["value", "test"], ["updated_at", "2019-04-23 22:21:25.466411"], ["key", "environment"]]
  ↳ bin/rails:4
  [1m[35m (0.6ms)[0m  [1m[35mCOMMIT[0m
  ↳ bin/rails:4
  [1m[35m (1.0ms)[0m  [1m[34mSELECT "schema_migrations"."version" FROM "schema_migrations" ORDER BY "schema_migrations"."version" ASC[0m
  ↳ bin/rails:4
  [1m[35m (0.2ms)[0m  [1m[35mBEGIN[0m
  ↳ db/seeds.rb:10
  [1m[36mTodo Create (0.9ms)[0m  [1m[32mINSERT INTO "todos" ("title", "body", "done", "created_at", "updated_at") VALUES ($1, $2, $3, $4, $5) RETURNING "id"[0m  [["title", "preset"], ["body", "Est hic fugit deserunt."], ["done", false], ["created_at", "2019-04-23 22:21:25.933423"], ["updated_at", "2019-04-23 22:21:25.933423"]]
  ↳ db/seeds.rb:10
  [1m[35m (0.6ms)[0m  [1m[35mCOMMIT[0m
  ↳ db/seeds.rb:10
  [1m[35m (0.2ms)[0m  [1m[35mBEGIN[0m
  ↳ db/seeds.rb:10
  [1m[36mTodo Create (0.4ms)[0m  [1m[32mINSERT INTO "todos" ("title", "body", "done", "created_at", "updated_at") VALUES ($1, $2, $3, $4, $5) RETURNING "id"[0m  [["title", "apply"], ["body", "Eligendi commodi quaerat dolores."], ["done", false], ["created_at", "2019-04-23 22:21:25.936745"], ["updated_at", "2019-04-23 22:21:25.936745"]]
  ↳ db/seeds.rb:10
  [1m[35m (0.5ms)[0m  [1m[35mCOMMIT[0m
  ↳ db/seeds.rb:10
  [1m[35m (0.2ms)[0m  [1m[35mBEGIN[0m
  ↳ db/seeds.rb:10
  [1m[36mTodo Create (0.4ms)[0m  [1m[32mINSERT INTO "todos" ("title", "body", "done", "created_at", "updated_at") VALUES ($1, $2, $3, $4, $5) RETURNING "id"[0m  [["title", "summon"], ["body", "Corporis et quia architecto."], ["done", false], ["created_at", "2019-04-23 22:21:25.939282"], ["updated_at", "2019-04-23 22:21:25.939282"]]
  ↳ db/seeds.rb:10
  [1m[35m (0.5ms)[0m  [1m[35mCOMMIT[0m
  ↳ db/seeds.rb:10
  [1m[35m (0.2ms)[0m  [1m[35mBEGIN[0m
  ↳ db/seeds.rb:10
  [1m[36mTodo Create (0.4ms)[0m  [1m[32mINSERT INTO "todos" ("title", "body", "done", "created_at", "updated_at") VALUES ($1, $2, $3, $4, $5) RETURNING "id"[0m  [["title", "sample"], ["body", "Ipsum aspernatur qui repellendus."], ["done", false], ["created_at", "2019-04-23 22:21:25.941799"], ["updated_at", "2019-04-23 22:21:25.941799"]]
  ↳ db/seeds.rb:10
  [1m[35m (0.5ms)[0m  [1m[35mCOMMIT[0m
  ↳ db/seeds.rb:10
  [1m[35m (0.2ms)[0m  [1m[35mBEGIN[0m
  ↳ db/seeds.rb:10
  [1m[36mTodo Create (0.4ms)[0m  [1m[32mINSERT INTO "todos" ("title", "body", "done", "created_at", "updated_at") VALUES ($1, $2, $3, $4, $5) RETURNING "id"[0m  [["title", "integrate"], ["body", "Ab eos fuga aliquid."], ["done", false], ["created_at", "2019-04-23 22:21:25.944282"], ["updated_at", "2019-04-23 22:21:25.944282"]]
  ↳ db/seeds.rb:10
  [1m[35m (0.5ms)[0m  [1m[35mCOMMIT[0m
  ↳ db/seeds.rb:10
  [1m[35m (0.2ms)[0m  [1m[35mBEGIN[0m
  ↳ db/seeds.rb:10
  [1m[36mTodo Create (0.4ms)[0m  [1m[32mINSERT INTO "todos" ("title", "body", "done", "created_at", "updated_at") VALUES ($1, $2, $3, $4, $5) RETURNING "id"[0m  [["title", "perish"], ["body", "Necessitatibus incidunt asperiores rerum."], ["done", false], ["created_at", "2019-04-23 22:21:25.946814"], ["updated_at", "2019-04-23 22:21:25.946814"]]
  ↳ db/seeds.rb:10
  [1m[35m (0.5ms)[0m  [1m[35mCOMMIT[0m
  ↳ db/seeds.rb:10
  [1m[35m (0.2ms)[0m  [1m[35mBEGIN[0m
  ↳ db/seeds.rb:10
  [1m[36mTodo Create (0.4ms)[0m  [1m[32mINSERT INTO "todos" ("title", "body", "done", "created_at", "updated_at") VALUES ($1, $2, $3, $4, $5) RETURNING "id"[0m  [["title", "rely"], ["body", "Nisi dolores facere libero."], ["done", false], ["created_at", "2019-04-23 22:21:25.949186"], ["updated_at", "2019-04-23 22:21:25.949186"]]
  ↳ db/seeds.rb:10
  [1m[35m (0.5ms)[0m  [1m[35mCOMMIT[0m
  ↳ db/seeds.rb:10
  [1m[35m (0.2ms)[0m  [1m[35mBEGIN[0m
  ↳ db/seeds.rb:10
  [1m[36mTodo Create (0.4ms)[0m  [1m[32mINSERT INTO "todos" ("title", "body", "done", "created_at", "updated_at") VALUES ($1, $2, $3, $4, $5) RETURNING "id"[0m  [["title", "make"], ["body", "Minus alias et nostrum."], ["done", false], ["created_at", "2019-04-23 22:21:25.951706"], ["updated_at", "2019-04-23 22:21:25.951706"]]
  ↳ db/seeds.rb:10
  [1m[35m (0.5ms)[0m  [1m[35mCOMMIT[0m
  ↳ db/seeds.rb:10
  [1m[35m (0.2ms)[0m  [1m[35mBEGIN[0m
  ↳ db/seeds.rb:10
  [1m[36mTodo Create (0.4ms)[0m  [1m[32mINSERT INTO "todos" ("title", "body", "done", "created_at", "updated_at") VALUES ($1, $2, $3, $4, $5) RETURNING "id"[0m  [["title", "bereave"], ["body", "Quos rerum porro eos."], ["done", false], ["created_at", "2019-04-23 22:21:25.954015"], ["updated_at", "2019-04-23 22:21:25.954015"]]
  ↳ db/seeds.rb:10
  [1m[35m (0.5ms)[0m  [1m[35mCOMMIT[0m
  ↳ db/seeds.rb:10
  [1m[35m (0.2ms)[0m  [1m[35mBEGIN[0m
  ↳ db/seeds.rb:10
  [1m[36mTodo Create (0.4ms)[0m  [1m[32mINSERT INTO "todos" ("title", "body", "done", "created_at", "updated_at") VALUES ($1, $2, $3, $4, $5) RETURNING "id"[0m  [["title", "suffer"], ["body", "Consequatur officiis corrupti doloribus."], ["done", false], ["created_at", "2019-04-23 22:21:25.956475"], ["updated_at", "2019-04-23 22:21:25.956475"]]
  ↳ db/seeds.rb:10
  [1m[35m (0.5ms)[0m  [1m[35mCOMMIT[0m
  ↳ db/seeds.rb:10
  [1m[35m (0.2ms)[0m  [1m[35mBEGIN[0m
  ↳ db/seeds.rb:10
  [1m[36mTodo Create (0.4ms)[0m  [1m[32mINSERT INTO "todos" ("title", "body", "done", "created_at", "updated_at") VALUES ($1, $2, $3, $4, $5) RETURNING "id"[0m  [["title", "smash"], ["body", "Odio omnis tenetur voluptatem."], ["done", false], ["created_at", "2019-04-23 22:21:25.958842"], ["updated_at", "2019-04-23 22:21:25.958842"]]
  ↳ db/seeds.rb:10
  [1m[35m (0.6ms)[0m  [1m[35mCOMMIT[0m
  ↳ db/seeds.rb:10
  [1m[35m (0.2ms)[0m  [1m[35mBEGIN[0m
  ↳ db/seeds.rb:10
  [1m[36mTodo Create (0.4ms)[0m  [1m[32mINSERT INTO "todos" ("title", "body", "done", "created_at", "updated_at") VALUES ($1, $2, $3, $4, $5) RETURNING "id"[0m  [["title", "sink"], ["body", "Enim tempora sunt cupiditate."], ["done", false], ["created_at", "2019-04-23 22:21:25.961351"], ["updated_at", "2019-04-23 22:21:25.961351"]]
  ↳ db/seeds.rb:10
  [1m[35m (0.5ms)[0m  [1m[35mCOMMIT[0m
  ↳ db/seeds.rb:10
  [1m[35m (0.2ms)[0m  [1m[35mBEGIN[0m
  ↳ db/seeds.rb:10
  [1m[36mTodo Create (0.4ms)[0m  [1m[32mINSERT INTO "todos" ("title", "body", "done", "created_at", "updated_at") VALUES ($1, $2, $3, $4, $5) RETURNING "id"[0m  [["title", "awake"], ["body", "Perspiciatis libero blanditiis quasi."], ["done", false], ["created_at", "2019-04-23 22:21:25.963912"], ["updated_at", "2019-04-23 22:21:25.963912"]]
  ↳ db/seeds.rb:10
  [1m[35m (0.5ms)[0m  [1m[35mCOMMIT[0m
  ↳ db/seeds.rb:10
  [1m[35m (0.2ms)[0m  [1m[35mBEGIN[0m
  ↳ db/seeds.rb:10
  [1m[36mTodo Create (0.4ms)[0m  [1m[32mINSERT INTO "todos" ("title", "body", "done", "created_at", "updated_at") VALUES ($1, $2, $3, $4, $5) RETURNING "id"[0m  [["title", "converge"], ["body", "Culpa eaque ea hic."], ["done", false], ["created_at", "2019-04-23 22:21:25.966444"], ["updated_at", "2019-04-23 22:21:25.966444"]]
  ↳ db/seeds.rb:10
  [1m[35m (0.5ms)[0m  [1m[35mCOMMIT[0m
  ↳ db/seeds.rb:10
  [1m[35m (0.2ms)[0m  [1m[35mBEGIN[0m
  ↳ db/seeds.rb:10
  [1m[36mTodo Create (0.4ms)[0m  [1m[32mINSERT INTO "todos" ("title", "body", "done", "created_at", "updated_at") VALUES ($1, $2, $3, $4, $5) RETURNING "id"[0m  [["title", "indulge"], ["body", "Quas facere molestiae modi."], ["done", false], ["created_at", "2019-04-23 22:21:25.968986"], ["updated_at", "2019-04-23 22:21:25.968986"]]
  ↳ db/seeds.rb:10
  [1m[35m (0.5ms)[0m  [1m[35mCOMMIT[0m
  ↳ db/seeds.rb:10
  [1m[35m (0.2ms)[0m  [1m[35mBEGIN[0m
  ↳ db/seeds.rb:10
  [1m[36mTodo Create (0.5ms)[0m  [1m[32mINSERT INTO "todos" ("title", "body", "done", "created_at", "updated_at") VALUES ($1, $2, $3, $4, $5) RETURNING "id"[0m  [["title", "relate"], ["body", "Illum recusandae odit perspiciatis."], ["done", false], ["created_at", "2019-04-23 22:21:25.971347"], ["updated_at", "2019-04-23 22:21:25.971347"]]
  ↳ db/seeds.rb:10
  [1m[35m (0.5ms)[0m  [1m[35mCOMMIT[0m
  ↳ db/seeds.rb:10
  [1m[35m (0.2ms)[0m  [1m[35mBEGIN[0m
  ↳ db/seeds.rb:10
  [1m[36mTodo Create (0.4ms)[0m  [1m[32mINSERT INTO "todos" ("title", "body", "done", "created_at", "updated_at") VALUES ($1, $2, $3, $4, $5) RETURNING "id"[0m  [["title", "value"], ["body", "Ullam eum consequuntur recusandae."], ["done", false], ["created_at", "2019-04-23 22:21:25.973910"], ["updated_at", "2019-04-23 22:21:25.973910"]]
  ↳ db/seeds.rb:10
  [1m[35m (0.5ms)[0m  [1m[35mCOMMIT[0m
  ↳ db/seeds.rb:10
  [1m[35m (0.2ms)[0m  [1m[35mBEGIN[0m
  ↳ db/seeds.rb:10
  [1m[36mTodo Create (0.4ms)[0m  [1m[32mINSERT INTO "todos" ("title", "body", "done", "created_at", "updated_at") VALUES ($1, $2, $3, $4, $5) RETURNING "id"[0m  [["title", "swell"], ["body", "Alias libero ipsam unde."], ["done", false], ["created_at", "2019-04-23 22:21:25.976412"], ["updated_at", "2019-04-23 22:21:25.976412"]]
  ↳ db/seeds.rb:10
  [1m[35m (0.6ms)[0m  [1m[35mCOMMIT[0m
  ↳ db/seeds.rb:10
  [1m[35m (0.2ms)[0m  [1m[35mBEGIN[0m
  ↳ db/seeds.rb:10
  [1m[36mTodo Create (0.4ms)[0m  [1m[32mINSERT INTO "todos" ("title", "body", "done", "created_at", "updated_at") VALUES ($1, $2, $3, $4, $5) RETURNING "id"[0m  [["title", "conquer"], ["body", "Non aspernatur deserunt nihil."], ["done", false], ["created_at", "2019-04-23 22:21:25.978978"], ["updated_at", "2019-04-23 22:21:25.978978"]]
  ↳ db/seeds.rb:10
  [1m[35m (0.5ms)[0m  [1m[35mCOMMIT[0m
  ↳ db/seeds.rb:10
  [1m[35m (0.2ms)[0m  [1m[35mBEGIN[0m
  ↳ db/seeds.rb:10
  [1m[36mTodo Create (0.5ms)[0m  [1m[32mINSERT INTO "todos" ("title", "body", "done", "created_at", "updated_at") VALUES ($1, $2, $3, $4, $5) RETURNING "id"[0m  [["title", "scant"], ["body", "Vero quis sapiente et."], ["done", false], ["created_at", "2019-04-23 22:21:25.981332"], ["updated_at", "2019-04-23 22:21:25.981332"]]
  ↳ db/seeds.rb:10
  [1m[35m (0.5ms)[0m  [1m[35mCOMMIT[0m
  ↳ db/seeds.rb:10
  [1m[35m (0.2ms)[0m  [1m[35mBEGIN[0m
  ↳ db/seeds.rb:10
  [1m[36mTodo Create (0.4ms)[0m  [1m[32mINSERT INTO "todos" ("title", "body", "done", "created_at", "updated_at") VALUES ($1, $2, $3, $4, $5) RETURNING "id"[0m  [["title", "envy"], ["body", "Tenetur praesentium est delectus."], ["done", false], ["created_at", "2019-04-23 22:21:25.983921"], ["updated_at", "2019-04-23 22:21:25.983921"]]
  ↳ db/seeds.rb:10
  [1m[35m (0.5ms)[0m  [1m[35mCOMMIT[0m
  ↳ db/seeds.rb:10
  [1m[35m (0.2ms)[0m  [1m[35mBEGIN[0m
  ↳ db/seeds.rb:10
  [1m[36mTodo Create (0.4ms)[0m  [1m[32mINSERT INTO "todos" ("title", "body", "done", "created_at", "updated_at") VALUES ($1, $2, $3, $4, $5) RETURNING "id"[0m  [["title", "rely"], ["body", "Quas velit quis quasi."], ["done", false], ["created_at", "2019-04-23 22:21:25.986390"], ["updated_at", "2019-04-23 22:21:25.986390"]]
  ↳ db/seeds.rb:10
  [1m[35m (0.5ms)[0m  [1m[35mCOMMIT[0m
  ↳ db/seeds.rb:10
  [1m[35m (0.2ms)[0m  [1m[35mBEGIN[0m
  ↳ db/seeds.rb:10
  [1m[36mTodo Create (0.4ms)[0m  [1m[32mINSERT INTO "todos" ("title", "body", "done", "created_at", "updated_at") VALUES ($1, $2, $3, $4, $5) RETURNING "id"[0m  [["title", "pull"], ["body", "Fugiat quibusdam voluptas expedita."], ["done", false], ["created_at", "2019-04-23 22:21:25.988896"], ["updated_at", "2019-04-23 22:21:25.988896"]]
  ↳ db/seeds.rb:10
  [1m[35m (0.5ms)[0m  [1m[35mCOMMIT[0m
  ↳ db/seeds.rb:10
  [1m[35m (0.2ms)[0m  [1m[35mBEGIN[0m
  ↳ db/seeds.rb:10
  [1m[36mTodo Create (0.5ms)[0m  [1m[32mINSERT INTO "todos" ("title", "body", "done", "created_at", "updated_at") VALUES ($1, $2, $3, $4, $5) RETURNING "id"[0m  [["title", "endure"], ["body", "Similique aut quo quam."], ["done", false], ["created_at", "2019-04-23 22:21:25.991459"], ["updated_at", "2019-04-23 22:21:25.991459"]]
  ↳ db/seeds.rb:10
  [1m[35m (0.5ms)[0m  [1m[35mCOMMIT[0m
  ↳ db/seeds.rb:10
  [1m[35m (0.2ms)[0m  [1m[35mBEGIN[0m
  ↳ db/seeds.rb:10
  [1m[36mTodo Create (0.4ms)[0m  [1m[32mINSERT INTO "todos" ("title", "body", "done", "created_at", "updated_at") VALUES ($1, $2, $3, $4, $5) RETURNING "id"[0m  [["title", "progress"], ["body", "Doloribus nostrum quis quaerat."], ["done", false], ["created_at", "2019-04-23 22:21:25.994184"], ["updated_at", "2019-04-23 22:21:25.994184"]]
  ↳ db/seeds.rb:10
  [1m[35m (0.5ms)[0m  [1m[35mCOMMIT[0m
  ↳ db/seeds.rb:10
  [1m[35m (1.0ms)[0m  [1m[34mSELECT "schema_migrations"."version" FROM "schema_migrations" ORDER BY "schema_migrations"."version" ASC[0m
  ↳ bin/rails:4
  [1m[35m (0.2ms)[0m  [1m[35mBEGIN[0m
  ↳ db/seeds.rb:10
  [1m[36mTodo Create (1.1ms)[0m  [1m[32mINSERT INTO "todos" ("title", "body", "done", "created_at", "updated_at") VALUES ($1, $2, $3, $4, $5) RETURNING "id"[0m  [["title", "lift"], ["body", "Dolor quam ipsam quia."], ["done", false], ["created_at", "2019-04-23 22:21:48.912446"], ["updated_at", "2019-04-23 22:21:48.912446"]]
  ↳ db/seeds.rb:10
  [1m[35m (0.5ms)[0m  [1m[35mCOMMIT[0m
  ↳ db/seeds.rb:10
  [1m[35m (0.1ms)[0m  [1m[35mBEGIN[0m
  ↳ db/seeds.rb:10
  [1m[36mTodo Create (0.6ms)[0m  [1m[32mINSERT INTO "todos" ("title", "body", "done", "created_at", "updated_at") VALUES ($1, $2, $3, $4, $5) RETURNING "id"[0m  [["title", "dig"], ["body", "Consequuntur ut aut aut."], ["done", false], ["created_at", "2019-04-23 22:21:48.916850"], ["updated_at", "2019-04-23 22:21:48.916850"]]
  ↳ db/seeds.rb:10
  [1m[35m (8.1ms)[0m  [1m[35mCOMMIT[0m
  ↳ db/seeds.rb:10
  [1m[35m (0.2ms)[0m  [1m[35mBEGIN[0m
  ↳ db/seeds.rb:10
  [1m[36mTodo Create (0.5ms)[0m  [1m[32mINSERT INTO "todos" ("title", "body", "done", "created_at", "updated_at") VALUES ($1, $2, $3, $4, $5) RETURNING "id"[0m  [["title", "utter"], ["body", "Nemo distinctio asperiores eaque."], ["done", false], ["created_at", "2019-04-23 22:21:48.928024"], ["updated_at", "2019-04-23 22:21:48.928024"]]
  ↳ db/seeds.rb:10
  [1m[35m (7.4ms)[0m  [1m[35mCOMMIT[0m
  ↳ db/seeds.rb:10
  [1m[35m (0.2ms)[0m  [1m[35mBEGIN[0m
  ↳ db/seeds.rb:10
  [1m[36mTodo Create (0.5ms)[0m  [1m[32mINSERT INTO "todos" ("title", "body", "done", "created_at", "updated_at") VALUES ($1, $2, $3, $4, $5) RETURNING "id"[0m  [["title", "be"], ["body", "Eaque quam laboriosam nihil."], ["done", false], ["created_at", "2019-04-23 22:21:48.937795"], ["updated_at", "2019-04-23 22:21:48.937795"]]
  ↳ db/seeds.rb:10
  [1m[35m (3.5ms)[0m  [1m[35mCOMMIT[0m
  ↳ db/seeds.rb:10
  [1m[35m (0.2ms)[0m  [1m[35mBEGIN[0m
  ↳ db/seeds.rb:10
  [1m[36mTodo Create (0.5ms)[0m  [1m[32mINSERT INTO "todos" ("title", "body", "done", "created_at", "updated_at") VALUES ($1, $2, $3, $4, $5) RETURNING "id"[0m  [["title", "cower"], ["body", "Officiis qui odit veritatis."], ["done", false], ["created_at", "2019-04-23 22:21:48.943939"], ["updated_at", "2019-04-23 22:21:48.943939"]]
  ↳ db/seeds.rb:10
  [1m[35m (11.0ms)[0m  [1m[35mCOMMIT[0m
  ↳ db/seeds.rb:10
  [1m[35m (0.6ms)[0m  [1m[35mBEGIN[0m
  ↳ db/seeds.rb:10
  [1m[36mTodo Create (0.5ms)[0m  [1m[32mINSERT INTO "todos" ("title", "body", "done", "created_at", "updated_at") VALUES ($1, $2, $3, $4, $5) RETURNING "id"[0m  [["title", "bang"], ["body", "Inventore quia ipsum porro."], ["done", false], ["created_at", "2019-04-23 22:21:48.960317"], ["updated_at", "2019-04-23 22:21:48.960317"]]
  ↳ db/seeds.rb:10
  [1m[35m (0.4ms)[0m  [1m[35mCOMMIT[0m
  ↳ db/seeds.rb:10
  [1m[35m (0.2ms)[0m  [1m[35mBEGIN[0m
  ↳ db/seeds.rb:10
  [1m[36mTodo Create (0.9ms)[0m  [1m[32mINSERT INTO "todos" ("title", "body", "done", "created_at", "updated_at") VALUES ($1, $2, $3, $4, $5) RETURNING "id"[0m  [["title", "take"], ["body", "In eligendi voluptas praesentium."], ["done", false], ["created_at", "2019-04-23 22:21:48.963253"], ["updated_at", "2019-04-23 22:21:48.963253"]]
  ↳ db/seeds.rb:10
  [1m[35m (3.3ms)[0m  [1m[35mCOMMIT[0m
  ↳ db/seeds.rb:10
  [1m[35m (0.2ms)[0m  [1m[35mBEGIN[0m
  ↳ db/seeds.rb:10
  [1m[36mTodo Create (0.4ms)[0m  [1m[32mINSERT INTO "todos" ("title", "body", "done", "created_at", "updated_at") VALUES ($1, $2, $3, $4, $5) RETURNING "id"[0m  [["title", "value"], ["body", "Et sed corporis in."], ["done", false], ["created_at", "2019-04-23 22:21:48.969552"], ["updated_at", "2019-04-23 22:21:48.969552"]]
  ↳ db/seeds.rb:10
  [1m[35m (7.6ms)[0m  [1m[35mCOMMIT[0m
  ↳ db/seeds.rb:10
  [1m[35m (0.2ms)[0m  [1m[35mBEGIN[0m
  ↳ db/seeds.rb:10
  [1m[36mTodo Create (0.8ms)[0m  [1m[32mINSERT INTO "todos" ("title", "body", "done", "created_at", "updated_at") VALUES ($1, $2, $3, $4, $5) RETURNING "id"[0m  [["title", "use"], ["body", "Non est et molestiae."], ["done", false], ["created_at", "2019-04-23 22:21:48.979511"], ["updated_at", "2019-04-23 22:21:48.979511"]]
  ↳ db/seeds.rb:10
  [1m[35m (6.9ms)[0m  [1m[35mCOMMIT[0m
  ↳ db/seeds.rb:10
  [1m[35m (0.6ms)[0m  [1m[35mBEGIN[0m
  ↳ db/seeds.rb:10
  [1m[36mTodo Create (0.5ms)[0m  [1m[32mINSERT INTO "todos" ("title", "body", "done", "created_at", "updated_at") VALUES ($1, $2, $3, $4, $5) RETURNING "id"[0m  [["title", "grade"], ["body", "Dolores et minus non."], ["done", false], ["created_at", "2019-04-23 22:21:48.991489"], ["updated_at", "2019-04-23 22:21:48.991489"]]
  ↳ db/seeds.rb:10
  [1m[35m (9.1ms)[0m  [1m[35mCOMMIT[0m
  ↳ db/seeds.rb:10
  [1m[35m (0.2ms)[0m  [1m[35mBEGIN[0m
  ↳ db/seeds.rb:10
  [1m[36mTodo Create (0.8ms)[0m  [1m[32mINSERT INTO "todos" ("title", "body", "done", "created_at", "updated_at") VALUES ($1, $2, $3, $4, $5) RETURNING "id"[0m  [["title", "arrange"], ["body", "Reprehenderit aut fugiat excepturi."], ["done", false], ["created_at", "2019-04-23 22:21:49.003246"], ["updated_at", "2019-04-23 22:21:49.003246"]]
  ↳ db/seeds.rb:10
  [1m[35m (0.8ms)[0m  [1m[35mCOMMIT[0m
  ↳ db/seeds.rb:10
  [1m[35m (0.7ms)[0m  [1m[35mBEGIN[0m
  ↳ db/seeds.rb:10
  [1m[36mTodo Create (1.7ms)[0m  [1m[32mINSERT INTO "todos" ("title", "body", "done", "created_at", "updated_at") VALUES ($1, $2, $3, $4, $5) RETURNING "id"[0m  [["title", "review"], ["body", "Aperiam eos molestias delectus."], ["done", false], ["created_at", "2019-04-23 22:21:49.010260"], ["updated_at", "2019-04-23 22:21:49.010260"]]
  ↳ db/seeds.rb:10
  [1m[35m (11.2ms)[0m  [1m[35mCOMMIT[0m
  ↳ db/seeds.rb:10
  [1m[35m (0.2ms)[0m  [1m[35mBEGIN[0m
  ↳ db/seeds.rb:10
  [1m[36mTodo Create (0.5ms)[0m  [1m[32mINSERT INTO "todos" ("title", "body", "done", "created_at", "updated_at") VALUES ($1, $2, $3, $4, $5) RETURNING "id"[0m  [["title", "confess"], ["body", "Laboriosam accusantium aut et."], ["done", false], ["created_at", "2019-04-23 22:21:49.026103"], ["updated_at", "2019-04-23 22:21:49.026103"]]
  ↳ db/seeds.rb:10
  [1m[35m (6.7ms)[0m  [1m[35mCOMMIT[0m
  ↳ db/seeds.rb:10
  [1m[35m (0.4ms)[0m  [1m[35mBEGIN[0m
  ↳ db/seeds.rb:10
  [1m[36mTodo Create (0.5ms)[0m  [1m[32mINSERT INTO "todos" ("title", "body", "done", "created_at", "updated_at") VALUES ($1, $2, $3, $4, $5) RETURNING "id"[0m  [["title", "dry"], ["body", "Blanditiis ut dolores occaecati."], ["done", false], ["created_at", "2019-04-23 22:21:49.037003"], ["updated_at", "2019-04-23 22:21:49.037003"]]
  ↳ db/seeds.rb:10
  [1m[35m (7.9ms)[0m  [1m[35mCOMMIT[0m
  ↳ db/seeds.rb:10
  [1m[35m (0.2ms)[0m  [1m[35mBEGIN[0m
  ↳ db/seeds.rb:10
  [1m[36mTodo Create (0.5ms)[0m  [1m[32mINSERT INTO "todos" ("title", "body", "done", "created_at", "updated_at") VALUES ($1, $2, $3, $4, $5) RETURNING "id"[0m  [["title", "live"], ["body", "Qui aut sequi autem."], ["done", false], ["created_at", "2019-04-23 22:21:49.048008"], ["updated_at", "2019-04-23 22:21:49.048008"]]
  ↳ db/seeds.rb:10
  [1m[35m (1.2ms)[0m  [1m[35mCOMMIT[0m
  ↳ db/seeds.rb:10
  [1m[35m (0.1ms)[0m  [1m[35mBEGIN[0m
  ↳ db/seeds.rb:10
  [1m[36mTodo Create (0.5ms)[0m  [1m[32mINSERT INTO "todos" ("title", "body", "done", "created_at", "updated_at") VALUES ($1, $2, $3, $4, $5) RETURNING "id"[0m  [["title", "fill"], ["body", "Velit expedita consequuntur debitis."], ["done", false], ["created_at", "2019-04-23 22:21:49.051857"], ["updated_at", "2019-04-23 22:21:49.051857"]]
  ↳ db/seeds.rb:10
  [1m[35m (15.5ms)[0m  [1m[35mCOMMIT[0m
  ↳ db/seeds.rb:10
  [1m[35m (0.2ms)[0m  [1m[35mBEGIN[0m
  ↳ db/seeds.rb:10
  [1m[36mTodo Create (0.6ms)[0m  [1m[32mINSERT INTO "todos" ("title", "body", "done", "created_at", "updated_at") VALUES ($1, $2, $3, $4, $5) RETURNING "id"[0m  [["title", "inhabit"], ["body", "Non rem ea fugit."], ["done", false], ["created_at", "2019-04-23 22:21:49.071198"], ["updated_at", "2019-04-23 22:21:49.071198"]]
  ↳ db/seeds.rb:10
  [1m[35m (11.0ms)[0m  [1m[35mCOMMIT[0m
  ↳ db/seeds.rb:10
  [1m[35m (0.2ms)[0m  [1m[35mBEGIN[0m
  ↳ db/seeds.rb:10
  [1m[36mTodo Create (0.4ms)[0m  [1m[32mINSERT INTO "todos" ("title", "body", "done", "created_at", "updated_at") VALUES ($1, $2, $3, $4, $5) RETURNING "id"[0m  [["title", "warn"], ["body", "Enim nam qui qui."], ["done", false], ["created_at", "2019-04-23 22:21:49.085880"], ["updated_at", "2019-04-23 22:21:49.085880"]]
  ↳ db/seeds.rb:10
  [1m[35m (11.2ms)[0m  [1m[35mCOMMIT[0m
  ↳ db/seeds.rb:10
  [1m[35m (0.2ms)[0m  [1m[35mBEGIN[0m
  ↳ db/seeds.rb:10
  [1m[36mTodo Create (0.4ms)[0m  [1m[32mINSERT INTO "todos" ("title", "body", "done", "created_at", "updated_at") VALUES ($1, $2, $3, $4, $5) RETURNING "id"[0m  [["title", "favour"], ["body", "Molestias aperiam quos sint."], ["done", false], ["created_at", "2019-04-23 22:21:49.099261"], ["updated_at", "2019-04-23 22:21:49.099261"]]
  ↳ db/seeds.rb:10
  [1m[35m (11.1ms)[0m  [1m[35mCOMMIT[0m
  ↳ db/seeds.rb:10
  [1m[35m (0.2ms)[0m  [1m[35mBEGIN[0m
  ↳ db/seeds.rb:10
  [1m[36mTodo Create (0.5ms)[0m  [1m[32mINSERT INTO "todos" ("title", "body", "done", "created_at", "updated_at") VALUES ($1, $2, $3, $4, $5) RETURNING "id"[0m  [["title", "type"], ["body", "Expedita ex atque similique."], ["done", false], ["created_at", "2019-04-23 22:21:49.113258"], ["updated_at", "2019-04-23 22:21:49.113258"]]
  ↳ db/seeds.rb:10
  [1m[35m (22.1ms)[0m  [1m[35mCOMMIT[0m
  ↳ db/seeds.rb:10
  [1m[35m (0.2ms)[0m  [1m[35mBEGIN[0m
  ↳ db/seeds.rb:10
  [1m[36mTodo Create (0.7ms)[0m  [1m[32mINSERT INTO "todos" ("title", "body", "done", "created_at", "updated_at") VALUES ($1, $2, $3, $4, $5) RETURNING "id"[0m  [["title", "quarrel"], ["body", "Soluta velit sit rerum."], ["done", false], ["created_at", "2019-04-23 22:21:49.138100"], ["updated_at", "2019-04-23 22:21:49.138100"]]
  ↳ db/seeds.rb:10
  [1m[35m (16.2ms)[0m  [1m[35mCOMMIT[0m
  ↳ db/seeds.rb:10
  [1m[35m (0.2ms)[0m  [1m[35mBEGIN[0m
  ↳ db/seeds.rb:10
  [1m[36mTodo Create (0.5ms)[0m  [1m[32mINSERT INTO "todos" ("title", "body", "done", "created_at", "updated_at") VALUES ($1, $2, $3, $4, $5) RETURNING "id"[0m  [["title", "clutch"], ["body", "Et molestiae recusandae dolorum."], ["done", false], ["created_at", "2019-04-23 22:21:49.157375"], ["updated_at", "2019-04-23 22:21:49.157375"]]
  ↳ db/seeds.rb:10
  [1m[35m (24.3ms)[0m  [1m[35mCOMMIT[0m
  ↳ db/seeds.rb:10
  [1m[35m (0.2ms)[0m  [1m[35mBEGIN[0m
  ↳ db/seeds.rb:10
  [1m[36mTodo Create (0.4ms)[0m  [1m[32mINSERT INTO "todos" ("title", "body", "done", "created_at", "updated_at") VALUES ($1, $2, $3, $4, $5) RETURNING "id"[0m  [["title", "challenge"], ["body", "Ipsa illo commodi delectus."], ["done", false], ["created_at", "2019-04-23 22:21:49.184232"], ["updated_at", "2019-04-23 22:21:49.184232"]]
  ↳ db/seeds.rb:10
  [1m[35m (13.6ms)[0m  [1m[35mCOMMIT[0m
  ↳ db/seeds.rb:10
  [1m[35m (0.2ms)[0m  [1m[35mBEGIN[0m
  ↳ db/seeds.rb:10
  [1m[36mTodo Create (0.4ms)[0m  [1m[32mINSERT INTO "todos" ("title", "body", "done", "created_at", "updated_at") VALUES ($1, $2, $3, $4, $5) RETURNING "id"[0m  [["title", "dream"], ["body", "Tempora esse placeat vel."], ["done", false], ["created_at", "2019-04-23 22:21:49.200532"], ["updated_at", "2019-04-23 22:21:49.200532"]]
  ↳ db/seeds.rb:10
  [1m[35m (8.9ms)[0m  [1m[35mCOMMIT[0m
  ↳ db/seeds.rb:10
  [1m[35m (0.1ms)[0m  [1m[35mBEGIN[0m
  ↳ db/seeds.rb:10
  [1m[36mTodo Create (0.4ms)[0m  [1m[32mINSERT INTO "todos" ("title", "body", "done", "created_at", "updated_at") VALUES ($1, $2, $3, $4, $5) RETURNING "id"[0m  [["title", "explore"], ["body", "Est fugiat nihil ut."], ["done", false], ["created_at", "2019-04-23 22:21:49.211565"], ["updated_at", "2019-04-23 22:21:49.211565"]]
  ↳ db/seeds.rb:10
  [1m[35m (10.3ms)[0m  [1m[35mCOMMIT[0m
  ↳ db/seeds.rb:10
  [1m[36mTodo Load (1.3ms)[0m  [1m[34mSELECT "todos".* FROM "todos"[0m
Started GET "/" for ::1 at 2019-04-23 15:23:15 -0700
  [1m[35m (1.7ms)[0m  [1m[34mSELECT "schema_migrations"."version" FROM "schema_migrations" ORDER BY "schema_migrations"."version" ASC[0m
  ↳ /usr/local/var/rbenv/versions/2.5.0/lib/ruby/gems/2.5.0/gems/activerecord-5.2.3/lib/active_record/log_subscriber.rb:98
Processing by StaticPagesController#root as HTML
  Rendering static_pages/root.html within layouts/application
  Rendered static_pages/root.html within layouts/application (73.5ms)
Completed 500 Internal Server Error in 623ms (ActiveRecord: 0.0ms)



Sprockets::FileNotFound - couldn't find file 'jquery.ujs' with type 'application/javascript'
Checked in these paths: 
  /Users/appacademy/Desktop/W7D1/todo_list/app/assets/config
  /Users/appacademy/Desktop/W7D1/todo_list/app/assets/images
  /Users/appacademy/Desktop/W7D1/todo_list/app/assets/javascripts
  /Users/appacademy/Desktop/W7D1/todo_list/app/assets/stylesheets
  /usr/local/var/rbenv/versions/2.5.0/lib/ruby/gems/2.5.0/gems/jquery-rails-4.3.3/vendor/assets/javascripts
  /usr/local/var/rbenv/versions/2.5.0/lib/ruby/gems/2.5.0/gems/coffee-rails-4.2.2/lib/assets/javascripts
  /usr/local/var/rbenv/versions/2.5.0/lib/ruby/gems/2.5.0/gems/actioncable-5.2.3/lib/assets/compiled
  /usr/local/var/rbenv/versions/2.5.0/lib/ruby/gems/2.5.0/gems/activestorage-5.2.3/app/assets/javascripts
  /usr/local/var/rbenv/versions/2.5.0/lib/ruby/gems/2.5.0/gems/actionview-5.2.3/lib/assets/compiled
  /Users/appacademy/Desktop/W7D1/todo_list/node_modules:
  app/views/layouts/application.html.erb:8:in `_app_views_layouts_application_html_erb__2660202119153976726_70132291629340'

Started POST "/__better_errors/686d05644a1e54c0/variables" for ::1 at 2019-04-23 15:23:17 -0700
Started GET "/" for ::1 at 2019-04-23 15:24:29 -0700
Processing by StaticPagesController#root as HTML
  Rendering static_pages/root.html within layouts/application
  Rendered static_pages/root.html within layouts/application (0.5ms)
Completed 200 OK in 3670ms (Views: 3630.4ms | ActiveRecord: 0.0ms)


Started GET "/" for ::1 at 2019-04-23 15:25:12 -0700
Processing by StaticPagesController#root as HTML
  Rendering static_pages/root.html within layouts/application
  Rendered static_pages/root.html within layouts/application (0.4ms)
Completed 200 OK in 94ms (Views: 90.6ms | ActiveRecord: 0.0ms)


Started GET "/api/todos" for ::1 at 2019-04-23 15:25:53 -0700

NameError - uninitialized constant Api::TodosController:

Started GET "/" for ::1 at 2019-04-23 15:29:07 -0700
  [1m[35m (10.6ms)[0m  [1m[34mSELECT "schema_migrations"."version" FROM "schema_migrations" ORDER BY "schema_migrations"."version" ASC[0m
  ↳ /usr/local/var/rbenv/versions/2.5.0/lib/ruby/gems/2.5.0/gems/activerecord-5.2.3/lib/active_record/log_subscriber.rb:98
Processing by StaticPagesController#root as HTML
  Rendering static_pages/root.html within layouts/application
  Rendered static_pages/root.html within layouts/application (12.0ms)
Completed 200 OK in 2640ms (Views: 2632.6ms | ActiveRecord: 0.0ms)


Started GET "/api/todos" for ::1 at 2019-04-23 15:29:13 -0700
Processing by Api::TodosController#index as JSON
  [1m[36mTodo Load (0.8ms)[0m  [1m[34mSELECT "todos".* FROM "todos"[0m
  ↳ app/controllers/api/todos_controller.rb:17
Completed 200 OK in 110ms (Views: 75.4ms | ActiveRecord: 12.1ms)


Started GET "/" for ::1 at 2019-04-23 15:38:28 -0700
Processing by StaticPagesController#root as HTML
  Rendering static_pages/root.html within layouts/application
  Rendered static_pages/root.html within layouts/application (3.2ms)
Completed 200 OK in 2111ms (Views: 2087.7ms | ActiveRecord: 0.0ms)


Started GET "/" for ::1 at 2019-04-23 15:39:10 -0700
Processing by StaticPagesController#root as HTML
  Rendering static_pages/root.html within layouts/application
  Rendered static_pages/root.html within layouts/application (0.4ms)
Completed 200 OK in 126ms (Views: 123.1ms | ActiveRecord: 0.0ms)


Started GET "/" for ::1 at 2019-04-23 16:13:23 -0700
Processing by StaticPagesController#root as HTML
  Rendering static_pages/root.html within layouts/application
  Rendered static_pages/root.html within layouts/application (2.3ms)
Completed 200 OK in 1768ms (Views: 1741.4ms | ActiveRecord: 0.0ms)


Started GET "/" for ::1 at 2019-04-23 16:21:43 -0700
Processing by StaticPagesController#root as HTML
  Rendering static_pages/root.html within layouts/application
  Rendered static_pages/root.html within layouts/application (1.7ms)
Completed 200 OK in 1512ms (Views: 1491.2ms | ActiveRecord: 0.0ms)


Started GET "/" for ::1 at 2019-04-23 16:22:43 -0700
Processing by StaticPagesController#root as HTML
  Rendering static_pages/root.html within layouts/application
  Rendered static_pages/root.html within layouts/application (0.7ms)
Completed 200 OK in 1097ms (Views: 1086.4ms | ActiveRecord: 0.0ms)


Started GET "/api/todos" for ::1 at 2019-04-23 16:23:03 -0700
Processing by Api::TodosController#index as JSON
  [1m[36mTodo Load (2.1ms)[0m  [1m[34mSELECT "todos".* FROM "todos"[0m
  ↳ app/controllers/api/todos_controller.rb:17
Completed 200 OK in 52ms (Views: 49.0ms | ActiveRecord: 2.1ms)


Started GET "/" for ::1 at 2019-04-23 16:23:38 -0700
Processing by StaticPagesController#root as HTML
  Rendering static_pages/root.html within layouts/application
  Rendered static_pages/root.html within layouts/application (1.5ms)
Completed 200 OK in 1387ms (Views: 1375.6ms | ActiveRecord: 0.0ms)


Started GET "/api/todos" for ::1 at 2019-04-23 16:23:44 -0700
Processing by Api::TodosController#index as JSON
  [1m[36mTodo Load (0.9ms)[0m  [1m[34mSELECT "todos".* FROM "todos"[0m
  ↳ app/controllers/api/todos_controller.rb:17
Completed 200 OK in 13ms (Views: 11.6ms | ActiveRecord: 0.9ms)


Started GET "/" for ::1 at 2019-04-23 16:26:24 -0700
Processing by StaticPagesController#root as HTML
  Rendering static_pages/root.html within layouts/application
  Rendered static_pages/root.html within layouts/application (3.2ms)
Completed 200 OK in 1565ms (Views: 1547.9ms | ActiveRecord: 0.0ms)


Started GET "/" for ::1 at 2019-04-23 16:27:31 -0700
Processing by StaticPagesController#root as HTML
  Rendering static_pages/root.html within layouts/application
  Rendered static_pages/root.html within layouts/application (0.7ms)
Completed 200 OK in 1185ms (Views: 1175.6ms | ActiveRecord: 0.0ms)


Started GET "/" for ::1 at 2019-04-23 16:28:12 -0700
Processing by StaticPagesController#root as HTML
  Rendering static_pages/root.html within layouts/application
  Rendered static_pages/root.html within layouts/application (1.8ms)
Completed 200 OK in 212ms (Views: 203.7ms | ActiveRecord: 0.0ms)


Started GET "/" for ::1 at 2019-04-23 16:28:22 -0700
Processing by StaticPagesController#root as HTML
  Rendering static_pages/root.html within layouts/application
  Rendered static_pages/root.html within layouts/application (0.5ms)
Completed 200 OK in 960ms (Views: 956.7ms | ActiveRecord: 0.0ms)


Started GET "/" for ::1 at 2019-04-23 16:29:14 -0700
Processing by StaticPagesController#root as HTML
  Rendering static_pages/root.html within layouts/application
  Rendered static_pages/root.html within layouts/application (1.0ms)
Completed 200 OK in 1195ms (Views: 1184.5ms | ActiveRecord: 0.0ms)


Started GET "/" for ::1 at 2019-04-23 16:29:31 -0700
Processing by StaticPagesController#root as HTML
  Rendering static_pages/root.html within layouts/application
  Rendered static_pages/root.html within layouts/application (2.4ms)
Completed 200 OK in 290ms (Views: 272.0ms | ActiveRecord: 0.0ms)


Started GET "/" for ::1 at 2019-04-23 16:30:14 -0700
Processing by StaticPagesController#root as HTML
  Rendering static_pages/root.html within layouts/application
  Rendered static_pages/root.html within layouts/application (0.5ms)
Completed 200 OK in 1582ms (Views: 1570.6ms | ActiveRecord: 0.0ms)


Started GET "/api/todos" for ::1 at 2019-04-23 16:30:33 -0700
Processing by Api::TodosController#index as JSON
  [1m[36mTodo Load (1.1ms)[0m  [1m[34mSELECT "todos".* FROM "todos"[0m
  ↳ app/controllers/api/todos_controller.rb:17
Completed 200 OK in 15ms (Views: 14.0ms | ActiveRecord: 1.1ms)


Started GET "/" for ::1 at 2019-04-23 16:31:07 -0700
Processing by StaticPagesController#root as HTML
  Rendering static_pages/root.html within layouts/application
  Rendered static_pages/root.html within layouts/application (1.1ms)
Completed 200 OK in 1423ms (Views: 1412.5ms | ActiveRecord: 0.0ms)


Started GET "/api/todos" for ::1 at 2019-04-23 16:31:08 -0700
Processing by Api::TodosController#index as JSON
  [1m[36mTodo Load (1.3ms)[0m  [1m[34mSELECT "todos".* FROM "todos"[0m
  ↳ app/controllers/api/todos_controller.rb:17
Completed 200 OK in 26ms (Views: 23.9ms | ActiveRecord: 1.3ms)


Started GET "/api/todos" for ::1 at 2019-04-23 16:31:15 -0700
Processing by Api::TodosController#index as JSON
  [1m[36mTodo Load (0.9ms)[0m  [1m[34mSELECT "todos".* FROM "todos"[0m
  ↳ app/controllers/api/todos_controller.rb:17
Completed 200 OK in 17ms (Views: 16.0ms | ActiveRecord: 0.9ms)


Started GET "/" for ::1 at 2019-04-23 16:33:24 -0700
Processing by StaticPagesController#root as HTML
  Rendering static_pages/root.html within layouts/application
  Rendered static_pages/root.html within layouts/application (0.8ms)
Completed 200 OK in 1235ms (Views: 1224.8ms | ActiveRecord: 0.0ms)


Started GET "/api/todos" for ::1 at 2019-04-23 16:33:25 -0700
Processing by Api::TodosController#index as JSON
  [1m[36mTodo Load (9.9ms)[0m  [1m[34mSELECT "todos".* FROM "todos"[0m
  ↳ app/controllers/api/todos_controller.rb:17
Completed 200 OK in 88ms (Views: 77.5ms | ActiveRecord: 9.9ms)


Started GET "/api/todos" for ::1 at 2019-04-23 16:33:30 -0700
Processing by Api::TodosController#index as JSON
  [1m[36mTodo Load (1.3ms)[0m  [1m[34mSELECT "todos".* FROM "todos"[0m
  ↳ app/controllers/api/todos_controller.rb:17
Completed 200 OK in 21ms (Views: 19.3ms | ActiveRecord: 1.3ms)


Started GET "/" for ::1 at 2019-04-23 16:33:52 -0700
Processing by StaticPagesController#root as HTML
  Rendering static_pages/root.html within layouts/application
  Rendered static_pages/root.html within layouts/application (4.0ms)
Completed 200 OK in 1008ms (Views: 996.4ms | ActiveRecord: 0.0ms)


Started GET "/api/todos" for ::1 at 2019-04-23 16:33:53 -0700
Processing by Api::TodosController#index as JSON
  [1m[36mTodo Load (0.7ms)[0m  [1m[34mSELECT "todos".* FROM "todos"[0m
  ↳ app/controllers/api/todos_controller.rb:17
Completed 200 OK in 24ms (Views: 22.9ms | ActiveRecord: 0.7ms)


Started GET "/" for ::1 at 2019-04-23 16:34:16 -0700
Processing by StaticPagesController#root as HTML
  Rendering static_pages/root.html within layouts/application
  Rendered static_pages/root.html within layouts/application (0.4ms)
Completed 200 OK in 833ms (Views: 827.9ms | ActiveRecord: 0.0ms)


Started GET "/api/todos" for ::1 at 2019-04-23 16:34:17 -0700
Processing by Api::TodosController#index as JSON
  [1m[36mTodo Load (1.0ms)[0m  [1m[34mSELECT "todos".* FROM "todos"[0m
  ↳ app/controllers/api/todos_controller.rb:17
Completed 200 OK in 17ms (Views: 15.2ms | ActiveRecord: 1.0ms)


Started GET "/" for ::1 at 2019-04-23 16:34:30 -0700
Processing by StaticPagesController#root as HTML
  Rendering static_pages/root.html within layouts/application
  Rendered static_pages/root.html within layouts/application (0.6ms)
Completed 200 OK in 1116ms (Views: 1106.6ms | ActiveRecord: 0.0ms)


Started GET "/api/todos" for ::1 at 2019-04-23 16:34:32 -0700
Processing by Api::TodosController#index as JSON
  [1m[36mTodo Load (2.1ms)[0m  [1m[34mSELECT "todos".* FROM "todos"[0m
  ↳ app/controllers/api/todos_controller.rb:17
Completed 200 OK in 22ms (Views: 19.1ms | ActiveRecord: 2.1ms)


Started GET "/" for ::1 at 2019-04-23 16:34:49 -0700
Processing by StaticPagesController#root as HTML
  Rendering static_pages/root.html within layouts/application
  Rendered static_pages/root.html within layouts/application (0.4ms)
Completed 200 OK in 1044ms (Views: 1041.8ms | ActiveRecord: 0.0ms)


Started GET "/" for ::1 at 2019-04-23 16:35:20 -0700
Processing by StaticPagesController#root as HTML
  Rendering static_pages/root.html within layouts/application
  Rendered static_pages/root.html within layouts/application (0.4ms)
Completed 200 OK in 290ms (Views: 267.6ms | ActiveRecord: 0.0ms)


Started GET "/api/todos" for ::1 at 2019-04-23 16:35:21 -0700
Processing by Api::TodosController#index as JSON
  [1m[36mTodo Load (0.7ms)[0m  [1m[34mSELECT "todos".* FROM "todos"[0m
  ↳ app/controllers/api/todos_controller.rb:17
Completed 200 OK in 13ms (Views: 11.8ms | ActiveRecord: 0.7ms)


Started GET "/" for ::1 at 2019-04-23 16:35:57 -0700
Processing by StaticPagesController#root as HTML
  Rendering static_pages/root.html within layouts/application
  Rendered static_pages/root.html within layouts/application (0.4ms)
Completed 200 OK in 166ms (Views: 155.9ms | ActiveRecord: 0.0ms)


Started GET "/api/todos" for ::1 at 2019-04-23 16:35:57 -0700
Processing by Api::TodosController#index as JSON
  [1m[36mTodo Load (1.0ms)[0m  [1m[34mSELECT "todos".* FROM "todos"[0m
  ↳ app/controllers/api/todos_controller.rb:17
Completed 200 OK in 21ms (Views: 20.0ms | ActiveRecord: 1.0ms)


